[handleMsg]:  Message {
  _data: {
    id: {
      fromMe: false,
      remote: '595985173544@c.us',
      id: '8FD155E72906B391A9',
      _serialized: 'false_595985173544@c.us_8FD155E72906B391A9'
    },
    body: 'Hola',
    type: 'chat',
    t: 1681608068,
    notifyName: 'Katya Vázquez',
    from: '595985173544@c.us',
    to: '595981941901@c.us',
    self: 'in',
    ack: 1,
    isNewMsg: true,
    star: false,
    kicNotified: false,
    recvFresh: true,
    isFromTemplate: false,
    thumbnail: '',
    pollInvalidated: false,
    isSentCagPollCreation: false,
    latestEditMsgKey: null,
    latestEditSenderTimestampMs: null,
    broadcast: false,
    mentionedJidList: [],
    groupMentions: [],
    isVcardOverMmsDocument: false,
    isForwarded: false,
    hasReaction: false,
    ephemeralDuration: 0,
    ephemeralSettingTimestamp: 0,
    disappearingModeInitiator: 'chat',
    productHeaderImageRejected: false,
    lastPlaybackProgress: 0,
    isDynamicReplyButtonsMsg: false,
    isMdHistoryMsg: false,
    stickerSentTs: 0,
    isAvatar: false,
    requiresDirectConnection: false,
    links: []
  },
  mediaKey: undefined,
  id: {
    fromMe: false,
    remote: '595985173544@c.us',
    id: '8FD155E72906B391A9',
    _serialized: 'false_595985173544@c.us_8FD155E72906B391A9'
  },
  ack: 1,
  hasMedia: false,
  body: 'Hola',
  type: 'chat',
  timestamp: 1681608068,
  from: '595985173544',
  to: '595981941901@c.us',
  author: undefined,
  deviceType: 'web',
  isForwarded: false,
  forwardingScore: 0,
  isStatus: undefined,
  isStarred: false,
  broadcast: false,
  fromMe: false,
  hasQuotedMsg: false,
  duration: undefined,
  location: undefined,
  vCards: [],
  inviteV4: undefined,
  mentionedIds: [],
  orderId: undefined,
  token: undefined,
  isGif: false,
  isEphemeral: undefined,
  links: []
}
[handleMsg]:  Message {
  _data: {
    id: {
      fromMe: false,
      remote: '595985173544@c.us',
      id: '7EDA09F86FB567CAFB',
      _serialized: 'false_595985173544@c.us_7EDA09F86FB567CAFB'
    },
    body: 'Si',
    type: 'chat',
    t: 1681608072,
    notifyName: 'Katya Vázquez',
    from: '595985173544@c.us',
    to: '595981941901@c.us',
    self: 'in',
    ack: 1,
    isNewMsg: true,
    star: false,
    kicNotified: false,
    recvFresh: true,
    isFromTemplate: false,
    thumbnail: '',
    pollInvalidated: false,
    isSentCagPollCreation: false,
    latestEditMsgKey: null,
    latestEditSenderTimestampMs: null,
    broadcast: false,
    mentionedJidList: [],
    groupMentions: [],
    isVcardOverMmsDocument: false,
    hasReaction: false,
    ephemeralDuration: 0,
    ephemeralSettingTimestamp: 0,
    disappearingModeInitiator: 'chat',
    productHeaderImageRejected: false,
    lastPlaybackProgress: 0,
    isDynamicReplyButtonsMsg: false,
    isMdHistoryMsg: false,
    stickerSentTs: 0,
    isAvatar: false,
    requiresDirectConnection: false,
    links: []
  },
  mediaKey: undefined,
  id: {
    fromMe: false,
    remote: '595985173544@c.us',
    id: '7EDA09F86FB567CAFB',
    _serialized: 'false_595985173544@c.us_7EDA09F86FB567CAFB'
  },
  ack: 1,
  hasMedia: false,
  body: 'Si',
  type: 'chat',
  timestamp: 1681608072,
  from: '595985173544',
  to: '595981941901@c.us',
  author: undefined,
  deviceType: 'web',
  isForwarded: undefined,
  forwardingScore: 0,
  isStatus: undefined,
  isStarred: false,
  broadcast: false,
  fromMe: false,
  hasQuotedMsg: false,
  duration: undefined,
  location: undefined,
  vCards: [],
  inviteV4: undefined,
  mentionedIds: [],
  orderId: undefined,
  token: undefined,
  isGif: false,
  isEphemeral: undefined,
  links: []
}
[handleMsg]:  Message {
  _data: {
    id: {
      fromMe: false,
      remote: '595985173544@c.us',
      id: '3D88297B6AAA086DDA',
      _serialized: 'false_595985173544@c.us_3D88297B6AAA086DDA'
    },
    body: '6017435',
    type: 'chat',
    t: 1681608078,
    notifyName: 'Katya Vázquez',
    from: '595985173544@c.us',
    to: '595981941901@c.us',
    self: 'in',
    ack: 1,
    isNewMsg: true,
    star: false,
    kicNotified: false,
    recvFresh: true,
    isFromTemplate: false,
    thumbnail: '',
    pollInvalidated: false,
    isSentCagPollCreation: false,
    latestEditMsgKey: null,
    latestEditSenderTimestampMs: null,
    broadcast: false,
    mentionedJidList: [],
    groupMentions: [],
    isVcardOverMmsDocument: false,
    hasReaction: false,
    ephemeralDuration: 0,
    ephemeralSettingTimestamp: 0,
    disappearingModeInitiator: 'chat',
    productHeaderImageRejected: false,
    lastPlaybackProgress: 0,
    isDynamicReplyButtonsMsg: false,
    isMdHistoryMsg: false,
    stickerSentTs: 0,
    isAvatar: false,
    requiresDirectConnection: false,
    links: []
  },
  mediaKey: undefined,
  id: {
    fromMe: false,
    remote: '595985173544@c.us',
    id: '3D88297B6AAA086DDA',
    _serialized: 'false_595985173544@c.us_3D88297B6AAA086DDA'
  },
  ack: 1,
  hasMedia: false,
  body: '6017435',
  type: 'chat',
  timestamp: 1681608078,
  from: '595985173544',
  to: '595981941901@c.us',
  author: undefined,
  deviceType: 'web',
  isForwarded: undefined,
  forwardingScore: 0,
  isStatus: undefined,
  isStarred: false,
  broadcast: false,
  fromMe: false,
  hasQuotedMsg: false,
  duration: undefined,
  location: undefined,
  vCards: [],
  inviteV4: undefined,
  mentionedIds: [],
  orderId: undefined,
  token: undefined,
  isGif: false,
  isEphemeral: undefined,
  links: []
}
